<?xml version="1.0" encoding="UTF-8"?>
<!-- Generated by org.testng.reporters.JUnitReportReporter -->
<testsuite hostname="aziza" failures="0" tests="2" name="testNG_day1.igonringTest" time="0.003" errors="0" timestamp="2023-09-11T19:56:19 EDT" skipped="0">
  <testcase classname="testNG_day1.igonringTest" name="test1" time="0.002"/>
  <testcase classname="testNG_day1.igonringTest" name="test2" time="0.001"/>
</testsuite> <!-- testNG_day1.igonringTest -->
