<?xml version="1.0" encoding="UTF-8"?>
<!-- Generated by org.testng.reporters.JUnitReportReporter -->
<testsuite hostname="aziza" failures="0" tests="1" name="testNG_day2.AssertionTesting" time="0.009" errors="0" timestamp="2023-09-06T21:22:14 EDT" skipped="0">
  <testcase classname="testNG_day2.AssertionTesting" name="test1" time="0.009">
    <system-out>
      <![CDATA[Verifying the title of the page]]>
    </system-out>
  </testcase> <!-- test1 -->
  <system-out>
    <![CDATA[Verifying the title of the page]]>
  </system-out>
</testsuite> <!-- testNG_day2.AssertionTesting -->
