<?xml version="1.0" encoding="UTF-8"?>
<!-- Generated by org.testng.reporters.JUnitReportReporter -->
<testsuite hostname="aziza" failures="0" tests="4" name="testNG_day1.prioritizeTests" time="0.016" errors="0" timestamp="2023-09-11T19:56:19 EDT" skipped="0">
  <testcase classname="testNG_day1.prioritizeTests" name="loginWithValidUsernameValidPassword" time="0.010"/>
  <testcase classname="testNG_day1.prioritizeTests" name="loginWithValidUsernameInvalidPasword" time="0.001"/>
  <testcase classname="testNG_day1.prioritizeTests" name="loginWithInvalidEmailFormat" time="0.003"/>
  <testcase classname="testNG_day1.prioritizeTests" name="loginWithIValidUsernameInvalidPasword" time="0.002"/>
</testsuite> <!-- testNG_day1.prioritizeTests -->
