<?xml version="1.0" encoding="UTF-8"?>
<!-- Generated by org.testng.reporters.JUnitReportReporter -->
<testsuite hostname="aziza" failures="0" tests="1" name="testNG_day2.subtraction" time="0.001" errors="0" timestamp="2023-09-06T20:53:39 EDT" skipped="0">
  <testcase classname="testNG_day2.subtraction" name="aubtraction" time="0.001"/>
</testsuite> <!-- testNG_day2.subtraction -->
