<?xml version="1.0" encoding="UTF-8"?>
<!-- Generated by org.testng.reporters.JUnitReportReporter -->
<testsuite hostname="aziza" failures="0" tests="1" name="testNG_day2.multiply" time="0.008" errors="0" timestamp="2023-09-06T20:53:39 EDT" skipped="0">
  <testcase classname="testNG_day2.multiply" name="multiply" time="0.008"/>
</testsuite> <!-- testNG_day2.multiply -->
