<?xml version="1.0" encoding="UTF-8"?>
<!-- Generated by org.testng.reporters.JUnitReportReporter -->
<testsuite hostname="aziza" failures="0" tests="2" name="testNG_day3.ParallelTest" time="12.592" errors="0" timestamp="2023-09-07T21:07:31 EDT" skipped="0">
  <testcase classname="testNG_day3.ParallelTest" name="edgeTest" time="6.731"/>
  <testcase classname="testNG_day3.ParallelTest" name="ChromeTest" time="5.861"/>
</testsuite> <!-- testNG_day3.ParallelTest -->
