<?xml version="1.0" encoding="UTF-8"?>
<!-- Generated by org.testng.reporters.JUnitReportReporter -->
<testsuite hostname="aziza" failures="0" tests="1" name="testNG_day2.passingParameters" time="0.007" errors="0" timestamp="2023-09-06T19:53:33 EDT" skipped="0">
  <testcase classname="testNG_day2.passingParameters" name="Sum" time="0.007"/>
</testsuite> <!-- testNG_day2.passingParameters -->
