<?xml version="1.0" encoding="UTF-8"?>
<!-- Generated by org.testng.reporters.JUnitReportReporter -->
<testsuite hostname="aziza" failures="0" tests="1" name="testNG_day1.runingTestSample" time="0.006" errors="0" timestamp="2023-09-05T21:53:17 EDT" skipped="0">
  <testcase classname="testNG_day1.runingTestSample" name="test1" time="0.006"/>
</testsuite> <!-- testNG_day1.runingTestSample -->
